2022-02-27 11:41:09,146:INFO:PyCaret Supervised Module
2022-02-27 11:41:09,146:INFO:ML Usecase: classification
2022-02-27 11:41:09,146:INFO:version 2.3.4
2022-02-27 11:41:09,146:INFO:Initializing setup()
2022-02-27 11:41:09,146:INFO:setup(target=0       1
1       0
2       0
3       1
4       1
       ..
2391    0
2392    0
2393    0
2394    1
2395    1
Name: Polarity, Length: 2396, dtype: int64, ml_usecase=classification, available_plots={'parameter': 'Hyperparameters', 'auc': 'AUC', 'confusion_matrix': 'Confusion Matrix', 'threshold': 'Threshold', 'pr': 'Precision Recall', 'error': 'Prediction Error', 'class_report': 'Class Report', 'rfe': 'Feature Selection', 'learning': 'Learning Curve', 'manifold': 'Manifold Learning', 'calibration': 'Calibration Curve', 'vc': 'Validation Curve', 'dimension': 'Dimensions', 'feature': 'Feature Importance', 'feature_all': 'Feature Importance (All)', 'boundary': 'Decision Boundary', 'lift': 'Lift Chart', 'gain': 'Gain Chart', 'tree': 'Decision Tree', 'ks': 'KS Statistic Plot'}, train_size=0.7, test_data=None, preprocess=True, imputation_type=simple, iterative_imputation_iters=5, categorical_features=None, categorical_imputation=constant, categorical_iterative_imputer=lightgbm, ordinal_features=None, high_cardinality_features=None, high_cardinality_method=frequency, numeric_features=None, numeric_imputation=mean, numeric_iterative_imputer=lightgbm, date_features=None, ignore_features=None, normalize=False, normalize_method=zscore, transformation=False, transformation_method=yeo-johnson, handle_unknown_categorical=True, unknown_categorical_method=least_frequent, pca=False, pca_method=linear, pca_components=None, ignore_low_variance=False, combine_rare_levels=False, rare_level_threshold=0.1, bin_numeric_features=None, remove_outliers=False, outliers_threshold=0.05, remove_multicollinearity=False, multicollinearity_threshold=0.9, remove_perfect_collinearity=True, create_clusters=False, cluster_iter=20, polynomial_features=False, polynomial_degree=2, trigonometry_features=False, polynomial_threshold=0.1, group_features=None, group_names=None, feature_selection=False, feature_selection_threshold=0.8, feature_selection_method=classic, feature_interaction=False, feature_ratio=False, interaction_threshold=0.01, fix_imbalance=False, fix_imbalance_method=None, transform_target=False, transform_target_method=box-cox, data_split_shuffle=True, data_split_stratify=False, fold_strategy=stratifiedkfold, fold=10, fold_shuffle=False, fold_groups=None, n_jobs=-1, use_gpu=False, custom_pipeline=None, html=True, session_id=None, log_experiment=False, experiment_name=None, log_plots=False, log_profile=False, log_data=False, silent=False, verbose=True, profile=False, profile_kwargs=None, display=None)
2022-02-27 11:41:09,146:INFO:Checking environment
2022-02-27 11:41:09,147:INFO:python_version: 3.7.7
2022-02-27 11:41:09,147:INFO:python_build: ('default', 'Mar 26 2020 10:32:53')
2022-02-27 11:41:09,147:INFO:machine: x86_64
2022-02-27 11:41:09,622:INFO:platform: Darwin-18.7.0-x86_64-i386-64bit
2022-02-27 11:41:09,623:INFO:Memory: svmem(total=10737418240, available=3913527296, percent=63.6, used=5253656576, free=364253184, active=3545825280, inactive=3229044736, wired=1707831296)
2022-02-27 11:41:09,623:INFO:Physical Core: 2
2022-02-27 11:41:09,624:INFO:Logical Core: 4
2022-02-27 11:41:09,624:INFO:Checking libraries
2022-02-27 11:41:09,624:INFO:pd==1.3.1
2022-02-27 11:41:09,624:INFO:numpy==1.19.5
2022-02-27 11:41:09,624:INFO:sklearn==0.23.2
2022-02-27 11:41:09,624:INFO:lightgbm==3.2.1
2022-02-27 11:41:10,462:INFO:catboost==1.0.3
2022-02-27 11:41:10,894:INFO:xgboost==1.5.0
2022-02-27 11:41:15,520:INFO:mlflow==1.21.0
2022-02-27 11:41:15,520:INFO:Checking Exceptions
2022-02-27 11:42:08,666:INFO:PyCaret Supervised Module
2022-02-27 11:42:08,707:INFO:ML Usecase: classification
2022-02-27 11:42:08,708:INFO:version 2.3.4
2022-02-27 11:42:08,708:INFO:Initializing setup()
2022-02-27 11:42:08,708:INFO:setup(target=Polarity, ml_usecase=classification, available_plots={'parameter': 'Hyperparameters', 'auc': 'AUC', 'confusion_matrix': 'Confusion Matrix', 'threshold': 'Threshold', 'pr': 'Precision Recall', 'error': 'Prediction Error', 'class_report': 'Class Report', 'rfe': 'Feature Selection', 'learning': 'Learning Curve', 'manifold': 'Manifold Learning', 'calibration': 'Calibration Curve', 'vc': 'Validation Curve', 'dimension': 'Dimensions', 'feature': 'Feature Importance', 'feature_all': 'Feature Importance (All)', 'boundary': 'Decision Boundary', 'lift': 'Lift Chart', 'gain': 'Gain Chart', 'tree': 'Decision Tree', 'ks': 'KS Statistic Plot'}, train_size=0.7, test_data=None, preprocess=True, imputation_type=simple, iterative_imputation_iters=5, categorical_features=None, categorical_imputation=constant, categorical_iterative_imputer=lightgbm, ordinal_features=None, high_cardinality_features=None, high_cardinality_method=frequency, numeric_features=None, numeric_imputation=mean, numeric_iterative_imputer=lightgbm, date_features=None, ignore_features=None, normalize=False, normalize_method=zscore, transformation=False, transformation_method=yeo-johnson, handle_unknown_categorical=True, unknown_categorical_method=least_frequent, pca=False, pca_method=linear, pca_components=None, ignore_low_variance=False, combine_rare_levels=False, rare_level_threshold=0.1, bin_numeric_features=None, remove_outliers=False, outliers_threshold=0.05, remove_multicollinearity=False, multicollinearity_threshold=0.9, remove_perfect_collinearity=True, create_clusters=False, cluster_iter=20, polynomial_features=False, polynomial_degree=2, trigonometry_features=False, polynomial_threshold=0.1, group_features=None, group_names=None, feature_selection=False, feature_selection_threshold=0.8, feature_selection_method=classic, feature_interaction=False, feature_ratio=False, interaction_threshold=0.01, fix_imbalance=False, fix_imbalance_method=None, transform_target=False, transform_target_method=box-cox, data_split_shuffle=True, data_split_stratify=False, fold_strategy=stratifiedkfold, fold=10, fold_shuffle=False, fold_groups=None, n_jobs=-1, use_gpu=False, custom_pipeline=None, html=True, session_id=None, log_experiment=False, experiment_name=None, log_plots=False, log_profile=False, log_data=False, silent=False, verbose=True, profile=False, profile_kwargs=None, display=None)
2022-02-27 11:42:08,708:INFO:Checking environment
2022-02-27 11:42:08,709:INFO:python_version: 3.7.7
2022-02-27 11:42:08,709:INFO:python_build: ('default', 'Mar 26 2020 10:32:53')
2022-02-27 11:42:08,709:INFO:machine: x86_64
2022-02-27 11:42:08,709:INFO:platform: Darwin-18.7.0-x86_64-i386-64bit
2022-02-27 11:42:08,710:INFO:Memory: svmem(total=10737418240, available=3955154944, percent=63.2, used=5212323840, free=372727808, active=3582926848, inactive=3240595456, wired=1629396992)
2022-02-27 11:42:08,710:INFO:Physical Core: 2
2022-02-27 11:42:08,710:INFO:Logical Core: 4
2022-02-27 11:42:08,710:INFO:Checking libraries
2022-02-27 11:42:08,710:INFO:pd==1.3.1
2022-02-27 11:42:08,710:INFO:numpy==1.19.5
2022-02-27 11:42:08,710:INFO:sklearn==0.23.2
2022-02-27 11:42:08,710:INFO:lightgbm==3.2.1
2022-02-27 11:42:08,710:INFO:catboost==1.0.3
2022-02-27 11:42:08,711:INFO:xgboost==1.5.0
2022-02-27 11:42:08,711:INFO:mlflow==1.21.0
2022-02-27 11:42:08,711:INFO:Checking Exceptions
2022-02-27 11:42:08,712:INFO:Declaring global variables
2022-02-27 11:42:08,713:INFO:USI: 1ee5
2022-02-27 11:42:08,713:INFO:pycaret_globals: {'_all_models_internal', 'create_model_container', 'fold_groups_param', 'imputation_classifier', 'log_plots_param', '_all_models', 'stratify_param', '_available_plots', 'y', 'fold_param', 'logging_param', 'y_train', 'fix_imbalance_param', 'X_test', '_internal_pipeline', 'data_before_preprocess', 'n_jobs_param', 'X', 'transform_target_param', 'seed', 'target_param', 'iterative_imputation_iters_param', 'prep_pipe', 'USI', 'y_test', 'imputation_regressor', 'exp_name_log', '_ml_usecase', '_all_metrics', 'fold_shuffle_param', 'display_container', 'gpu_param', 'fold_groups_param_full', 'master_model_container', 'experiment__', 'X_train', 'transform_target_method_param', 'fold_generator', '_gpu_n_jobs_param', 'fix_imbalance_method_param', 'html_param', 'pycaret_globals'}
2022-02-27 11:42:08,713:INFO:Preparing display monitor
2022-02-27 11:42:08,713:INFO:Preparing display monitor
2022-02-27 11:42:08,765:INFO:Importing libraries
2022-02-27 11:42:08,766:INFO:Copying data for preprocessing
2022-02-27 11:42:08,944:INFO:Declaring preprocessing parameters
2022-02-27 11:42:08,994:INFO:Creating preprocessing pipeline
2022-02-27 11:42:11,469:INFO:Preprocessing pipeline created successfully
2022-02-27 11:42:11,469:ERROR:(Process Exit): setup has been interupted with user command 'quit'. setup must rerun.
2022-02-27 11:42:11,469:INFO:Creating global containers
2022-02-27 11:42:11,470:INFO:Internal pipeline: Pipeline(memory=None, steps=[('empty_step', 'passthrough')], verbose=False)
2022-02-27 11:47:11,930:INFO:Creating grid variables
2022-02-27 11:47:12,032:INFO:create_model_container: 0
2022-02-27 11:47:12,032:INFO:master_model_container: 0
2022-02-27 11:47:12,033:INFO:display_container: 1
2022-02-27 11:47:12,043:INFO:Pipeline(memory=None,
         steps=[('dtypes',
                 DataTypes_Auto_infer(categorical_features=[],
                                      display_types=True, features_todrop=[],
                                      id_columns=[],
                                      ml_usecase='classification',
                                      numerical_features=[], target='Polarity',
                                      time_features=[])),
                ('imputer',
                 Simple_Imputer(categorical_strategy='not_available',
                                fill_value_categorical=None,
                                fill_value_numerical=None,
                                numeric_str...
                ('scaling', 'passthrough'), ('P_transform', 'passthrough'),
                ('binn', 'passthrough'), ('rem_outliers', 'passthrough'),
                ('cluster_all', 'passthrough'),
                ('dummy', Dummify(target='Polarity')),
                ('fix_perfect', Remove_100(target='Polarity')),
                ('clean_names', Clean_Colum_Names()),
                ('feature_select', 'passthrough'), ('fix_multi', 'passthrough'),
                ('dfs', 'passthrough'), ('pca', 'passthrough')],
         verbose=False)
2022-02-27 11:47:12,043:INFO:setup() succesfully completed......................................
2022-02-27 11:47:37,517:INFO:Initializing compare_models()
2022-02-27 11:47:37,518:INFO:compare_models(include=None, fold=None, round=4, cross_validation=True, sort=Accuracy, n_select=1, budget_time=None, turbo=True, errors=ignore, fit_kwargs=None, groups=None, verbose=True, display=None, exclude=None)
2022-02-27 11:47:37,518:INFO:Checking exceptions
2022-02-27 11:47:37,519:INFO:Preparing display monitor
2022-02-27 11:47:37,520:INFO:Preparing display monitor
2022-02-27 11:47:37,595:INFO:Initializing Logistic Regression
2022-02-27 11:47:37,595:INFO:Total runtime is 9.616216023763021e-06 minutes
2022-02-27 11:47:37,617:INFO:SubProcess create_model() called ==================================
2022-02-27 11:47:37,618:INFO:Initializing create_model()
2022-02-27 11:47:37,618:INFO:create_model(estimator=lr, fold=StratifiedKFold(n_splits=10, random_state=None, shuffle=False), round=4, cross_validation=True, predict=True, fit_kwargs={}, groups=None, refit=False, verbose=False, system=False, metrics=None, add_to_model_list=True, display=<pycaret.internal.Display.Display object at 0x13a12cf90>, kwargs={})
2022-02-27 11:47:37,618:INFO:Checking exceptions
2022-02-27 11:47:37,618:INFO:Importing libraries
2022-02-27 11:47:37,618:INFO:Copying training dataset
2022-02-27 11:47:37,624:INFO:Defining folds
2022-02-27 11:47:37,624:INFO:Declaring metric variables
2022-02-27 11:47:37,649:INFO:Importing untrained model
2022-02-27 11:47:37,668:INFO:Logistic Regression Imported succesfully
2022-02-27 11:47:37,735:INFO:Starting cross validation
2022-02-27 11:47:37,736:INFO:Cross validating with StratifiedKFold(n_splits=10, random_state=None, shuffle=False), n_jobs=-1
2022-02-27 11:48:55,447:INFO:Calculating mean and std
2022-02-27 11:48:55,451:INFO:Creating metrics dataframe
2022-02-27 11:48:55,461:INFO:Uploading results into container
2022-02-27 11:48:55,461:INFO:Uploading model into container now
2022-02-27 11:48:55,461:INFO:create_model_container: 1
2022-02-27 11:48:55,461:INFO:master_model_container: 1
2022-02-27 11:48:55,462:INFO:display_container: 2
2022-02-27 11:48:55,463:INFO:LogisticRegression(C=1.0, class_weight=None, dual=False, fit_intercept=True,
                   intercept_scaling=1, l1_ratio=None, max_iter=1000,
                   multi_class='auto', n_jobs=None, penalty='l2',
                   random_state=8185, solver='lbfgs', tol=0.0001, verbose=0,
                   warm_start=False)
2022-02-27 11:48:55,463:INFO:create_model() succesfully completed......................................
2022-02-27 11:48:55,761:INFO:SubProcess create_model() end ==================================
2022-02-27 11:48:55,761:INFO:Creating metrics dataframe
2022-02-27 11:48:55,785:INFO:Initializing K Neighbors Classifier
2022-02-27 11:48:55,785:INFO:Total runtime is 1.303176732858022 minutes
2022-02-27 11:48:55,803:INFO:SubProcess create_model() called ==================================
2022-02-27 11:48:55,804:INFO:Initializing create_model()
2022-02-27 11:48:55,804:INFO:create_model(estimator=knn, fold=StratifiedKFold(n_splits=10, random_state=None, shuffle=False), round=4, cross_validation=True, predict=True, fit_kwargs={}, groups=None, refit=False, verbose=False, system=False, metrics=None, add_to_model_list=True, display=<pycaret.internal.Display.Display object at 0x13a12cf90>, kwargs={})
2022-02-27 11:48:55,804:INFO:Checking exceptions
2022-02-27 11:48:55,804:INFO:Importing libraries
2022-02-27 11:48:55,804:INFO:Copying training dataset
2022-02-27 11:48:55,815:INFO:Defining folds
2022-02-27 11:48:55,816:INFO:Declaring metric variables
2022-02-27 11:48:55,843:INFO:Importing untrained model
2022-02-27 11:48:55,864:INFO:K Neighbors Classifier Imported succesfully
2022-02-27 11:48:55,906:INFO:Starting cross validation
2022-02-27 11:48:55,907:INFO:Cross validating with StratifiedKFold(n_splits=10, random_state=None, shuffle=False), n_jobs=-1
2022-02-27 11:49:03,245:INFO:Calculating mean and std
2022-02-27 11:49:03,246:INFO:Creating metrics dataframe
2022-02-27 11:49:03,254:INFO:Uploading results into container
2022-02-27 11:49:03,255:INFO:Uploading model into container now
2022-02-27 11:49:03,255:INFO:create_model_container: 2
2022-02-27 11:49:03,255:INFO:master_model_container: 2
2022-02-27 11:49:03,255:INFO:display_container: 2
2022-02-27 11:49:03,256:INFO:KNeighborsClassifier(algorithm='auto', leaf_size=30, metric='minkowski',
                     metric_params=None, n_jobs=-1, n_neighbors=5, p=2,
                     weights='uniform')
2022-02-27 11:49:03,257:INFO:create_model() succesfully completed......................................
2022-02-27 11:49:03,513:INFO:SubProcess create_model() end ==================================
2022-02-27 11:49:03,513:INFO:Creating metrics dataframe
2022-02-27 11:49:03,568:INFO:Initializing Naive Bayes
2022-02-27 11:49:03,569:INFO:Total runtime is 1.4328945358594258 minutes
2022-02-27 11:49:03,582:INFO:SubProcess create_model() called ==================================
2022-02-27 11:49:03,583:INFO:Initializing create_model()
2022-02-27 11:49:03,583:INFO:create_model(estimator=nb, fold=StratifiedKFold(n_splits=10, random_state=None, shuffle=False), round=4, cross_validation=True, predict=True, fit_kwargs={}, groups=None, refit=False, verbose=False, system=False, metrics=None, add_to_model_list=True, display=<pycaret.internal.Display.Display object at 0x13a12cf90>, kwargs={})
2022-02-27 11:49:03,583:INFO:Checking exceptions
2022-02-27 11:49:03,583:INFO:Importing libraries
2022-02-27 11:49:03,583:INFO:Copying training dataset
2022-02-27 11:49:03,589:INFO:Defining folds
2022-02-27 11:49:03,589:INFO:Declaring metric variables
2022-02-27 11:49:03,607:INFO:Importing untrained model
2022-02-27 11:49:03,631:INFO:Naive Bayes Imported succesfully
2022-02-27 11:49:03,673:INFO:Starting cross validation
2022-02-27 11:49:03,674:INFO:Cross validating with StratifiedKFold(n_splits=10, random_state=None, shuffle=False), n_jobs=-1
2022-02-27 11:49:05,542:INFO:Calculating mean and std
2022-02-27 11:49:05,543:INFO:Creating metrics dataframe
2022-02-27 11:49:05,550:INFO:Uploading results into container
2022-02-27 11:49:05,550:INFO:Uploading model into container now
2022-02-27 11:49:05,550:INFO:create_model_container: 3
2022-02-27 11:49:05,550:INFO:master_model_container: 3
2022-02-27 11:49:05,551:INFO:display_container: 2
2022-02-27 11:49:05,551:INFO:GaussianNB(priors=None, var_smoothing=1e-09)
2022-02-27 11:49:05,551:INFO:create_model() succesfully completed......................................
2022-02-27 11:49:05,793:INFO:SubProcess create_model() end ==================================
2022-02-27 11:49:05,793:INFO:Creating metrics dataframe
2022-02-27 11:49:05,817:INFO:Initializing Decision Tree Classifier
2022-02-27 11:49:05,817:INFO:Total runtime is 1.4703715165456135 minutes
2022-02-27 11:49:05,831:INFO:SubProcess create_model() called ==================================
2022-02-27 11:49:05,832:INFO:Initializing create_model()
2022-02-27 11:49:05,832:INFO:create_model(estimator=dt, fold=StratifiedKFold(n_splits=10, random_state=None, shuffle=False), round=4, cross_validation=True, predict=True, fit_kwargs={}, groups=None, refit=False, verbose=False, system=False, metrics=None, add_to_model_list=True, display=<pycaret.internal.Display.Display object at 0x13a12cf90>, kwargs={})
2022-02-27 11:49:05,832:INFO:Checking exceptions
2022-02-27 11:49:05,833:INFO:Importing libraries
2022-02-27 11:49:05,833:INFO:Copying training dataset
2022-02-27 11:49:05,839:INFO:Defining folds
2022-02-27 11:49:05,839:INFO:Declaring metric variables
2022-02-27 11:49:05,858:INFO:Importing untrained model
2022-02-27 11:49:05,883:INFO:Decision Tree Classifier Imported succesfully
2022-02-27 11:49:05,926:INFO:Starting cross validation
2022-02-27 11:49:05,928:INFO:Cross validating with StratifiedKFold(n_splits=10, random_state=None, shuffle=False), n_jobs=-1
2022-02-27 11:49:09,959:INFO:Calculating mean and std
2022-02-27 11:49:09,960:INFO:Creating metrics dataframe
2022-02-27 11:49:09,967:INFO:Uploading results into container
2022-02-27 11:49:09,967:INFO:Uploading model into container now
2022-02-27 11:49:09,967:INFO:create_model_container: 4
2022-02-27 11:49:09,967:INFO:master_model_container: 4
2022-02-27 11:49:09,968:INFO:display_container: 2
2022-02-27 11:49:09,968:INFO:DecisionTreeClassifier(ccp_alpha=0.0, class_weight=None, criterion='gini',
                       max_depth=None, max_features=None, max_leaf_nodes=None,
                       min_impurity_decrease=0.0, min_impurity_split=None,
                       min_samples_leaf=1, min_samples_split=2,
                       min_weight_fraction_leaf=0.0, presort='deprecated',
                       random_state=8185, splitter='best')
2022-02-27 11:49:09,968:INFO:create_model() succesfully completed......................................
2022-02-27 11:49:10,212:INFO:SubProcess create_model() end ==================================
2022-02-27 11:49:10,212:INFO:Creating metrics dataframe
2022-02-27 11:49:10,237:INFO:Initializing SVM - Linear Kernel
2022-02-27 11:49:10,238:INFO:Total runtime is 1.5440459489822387 minutes
2022-02-27 11:49:10,252:INFO:SubProcess create_model() called ==================================
2022-02-27 11:49:10,252:INFO:Initializing create_model()
2022-02-27 11:49:10,253:INFO:create_model(estimator=svm, fold=StratifiedKFold(n_splits=10, random_state=None, shuffle=False), round=4, cross_validation=True, predict=True, fit_kwargs={}, groups=None, refit=False, verbose=False, system=False, metrics=None, add_to_model_list=True, display=<pycaret.internal.Display.Display object at 0x13a12cf90>, kwargs={})
2022-02-27 11:49:10,253:INFO:Checking exceptions
2022-02-27 11:49:10,253:INFO:Importing libraries
2022-02-27 11:49:10,253:INFO:Copying training dataset
2022-02-27 11:49:10,259:INFO:Defining folds
2022-02-27 11:49:10,260:INFO:Declaring metric variables
2022-02-27 11:49:10,274:INFO:Importing untrained model
2022-02-27 11:49:10,302:INFO:SVM - Linear Kernel Imported succesfully
2022-02-27 11:49:10,348:INFO:Starting cross validation
2022-02-27 11:49:10,349:INFO:Cross validating with StratifiedKFold(n_splits=10, random_state=None, shuffle=False), n_jobs=-1
2022-02-27 11:49:13,497:INFO:Calculating mean and std
2022-02-27 11:49:13,499:INFO:Creating metrics dataframe
2022-02-27 11:49:13,506:INFO:Uploading results into container
2022-02-27 11:49:13,506:INFO:Uploading model into container now
2022-02-27 11:49:13,506:INFO:create_model_container: 5
2022-02-27 11:49:13,506:INFO:master_model_container: 5
2022-02-27 11:49:13,506:INFO:display_container: 2
2022-02-27 11:49:13,507:INFO:SGDClassifier(alpha=0.0001, average=False, class_weight=None,
              early_stopping=False, epsilon=0.1, eta0=0.001, fit_intercept=True,
              l1_ratio=0.15, learning_rate='optimal', loss='hinge',
              max_iter=1000, n_iter_no_change=5, n_jobs=-1, penalty='l2',
              power_t=0.5, random_state=8185, shuffle=True, tol=0.001,
              validation_fraction=0.1, verbose=0, warm_start=False)
2022-02-27 11:49:13,508:INFO:create_model() succesfully completed......................................
2022-02-27 11:49:13,758:INFO:SubProcess create_model() end ==================================
2022-02-27 11:49:13,758:INFO:Creating metrics dataframe
2022-02-27 11:49:13,788:INFO:Initializing Ridge Classifier
2022-02-27 11:49:13,788:INFO:Total runtime is 1.6032209356625875 minutes
2022-02-27 11:49:13,804:INFO:SubProcess create_model() called ==================================
2022-02-27 11:49:13,804:INFO:Initializing create_model()
2022-02-27 11:49:13,804:INFO:create_model(estimator=ridge, fold=StratifiedKFold(n_splits=10, random_state=None, shuffle=False), round=4, cross_validation=True, predict=True, fit_kwargs={}, groups=None, refit=False, verbose=False, system=False, metrics=None, add_to_model_list=True, display=<pycaret.internal.Display.Display object at 0x13a12cf90>, kwargs={})
2022-02-27 11:49:13,805:INFO:Checking exceptions
2022-02-27 11:49:13,805:INFO:Importing libraries
2022-02-27 11:49:13,805:INFO:Copying training dataset
2022-02-27 11:49:13,811:INFO:Defining folds
2022-02-27 11:49:13,811:INFO:Declaring metric variables
2022-02-27 11:49:13,832:INFO:Importing untrained model
2022-02-27 11:49:13,856:INFO:Ridge Classifier Imported succesfully
2022-02-27 11:49:14,045:INFO:Starting cross validation
2022-02-27 11:49:14,046:INFO:Cross validating with StratifiedKFold(n_splits=10, random_state=None, shuffle=False), n_jobs=-1
2022-02-27 11:49:17,890:INFO:Calculating mean and std
2022-02-27 11:49:17,892:INFO:Creating metrics dataframe
2022-02-27 11:49:17,898:INFO:Uploading results into container
2022-02-27 11:49:17,899:INFO:Uploading model into container now
2022-02-27 11:49:17,899:INFO:create_model_container: 6
2022-02-27 11:49:17,899:INFO:master_model_container: 6
2022-02-27 11:49:17,899:INFO:display_container: 2
2022-02-27 11:49:17,900:INFO:RidgeClassifier(alpha=1.0, class_weight=None, copy_X=True, fit_intercept=True,
                max_iter=None, normalize=False, random_state=8185,
                solver='auto', tol=0.001)
2022-02-27 11:49:17,900:INFO:create_model() succesfully completed......................................
2022-02-27 11:49:18,149:INFO:SubProcess create_model() end ==================================
2022-02-27 11:49:18,149:INFO:Creating metrics dataframe
2022-02-27 11:49:18,175:INFO:Initializing Random Forest Classifier
2022-02-27 11:49:18,176:INFO:Total runtime is 1.6763437668482464 minutes
2022-02-27 11:49:18,197:INFO:SubProcess create_model() called ==================================
2022-02-27 11:49:18,198:INFO:Initializing create_model()
2022-02-27 11:49:18,198:INFO:create_model(estimator=rf, fold=StratifiedKFold(n_splits=10, random_state=None, shuffle=False), round=4, cross_validation=True, predict=True, fit_kwargs={}, groups=None, refit=False, verbose=False, system=False, metrics=None, add_to_model_list=True, display=<pycaret.internal.Display.Display object at 0x13a12cf90>, kwargs={})
2022-02-27 11:49:18,198:INFO:Checking exceptions
2022-02-27 11:49:18,199:INFO:Importing libraries
2022-02-27 11:49:18,199:INFO:Copying training dataset
2022-02-27 11:49:18,204:INFO:Defining folds
2022-02-27 11:49:18,205:INFO:Declaring metric variables
2022-02-27 11:49:18,234:INFO:Importing untrained model
2022-02-27 11:49:18,249:INFO:Random Forest Classifier Imported succesfully
2022-02-27 11:49:18,292:INFO:Starting cross validation
2022-02-27 11:49:18,293:INFO:Cross validating with StratifiedKFold(n_splits=10, random_state=None, shuffle=False), n_jobs=-1
2022-02-27 11:49:29,085:INFO:Calculating mean and std
2022-02-27 11:49:29,087:INFO:Creating metrics dataframe
2022-02-27 11:49:29,093:INFO:Uploading results into container
2022-02-27 11:49:29,093:INFO:Uploading model into container now
2022-02-27 11:49:29,094:INFO:create_model_container: 7
2022-02-27 11:49:29,094:INFO:master_model_container: 7
2022-02-27 11:49:29,094:INFO:display_container: 2
2022-02-27 11:49:29,095:INFO:RandomForestClassifier(bootstrap=True, ccp_alpha=0.0, class_weight=None,
                       criterion='gini', max_depth=None, max_features='auto',
                       max_leaf_nodes=None, max_samples=None,
                       min_impurity_decrease=0.0, min_impurity_split=None,
                       min_samples_leaf=1, min_samples_split=2,
                       min_weight_fraction_leaf=0.0, n_estimators=100,
                       n_jobs=-1, oob_score=False, random_state=8185, verbose=0,
                       warm_start=False)
2022-02-27 11:49:29,095:INFO:create_model() succesfully completed......................................
2022-02-27 11:49:29,341:INFO:SubProcess create_model() end ==================================
2022-02-27 11:49:29,341:INFO:Creating metrics dataframe
2022-02-27 11:49:29,370:INFO:Initializing Quadratic Discriminant Analysis
2022-02-27 11:49:29,370:INFO:Total runtime is 1.8629213849703472 minutes
2022-02-27 11:49:29,384:INFO:SubProcess create_model() called ==================================
2022-02-27 11:49:29,384:INFO:Initializing create_model()
2022-02-27 11:49:29,384:INFO:create_model(estimator=qda, fold=StratifiedKFold(n_splits=10, random_state=None, shuffle=False), round=4, cross_validation=True, predict=True, fit_kwargs={}, groups=None, refit=False, verbose=False, system=False, metrics=None, add_to_model_list=True, display=<pycaret.internal.Display.Display object at 0x13a12cf90>, kwargs={})
2022-02-27 11:49:29,385:INFO:Checking exceptions
2022-02-27 11:49:29,385:INFO:Importing libraries
2022-02-27 11:49:29,385:INFO:Copying training dataset
2022-02-27 11:49:29,391:INFO:Defining folds
2022-02-27 11:49:29,391:INFO:Declaring metric variables
2022-02-27 11:49:29,408:INFO:Importing untrained model
2022-02-27 11:49:29,437:INFO:Quadratic Discriminant Analysis Imported succesfully
2022-02-27 11:49:29,495:INFO:Starting cross validation
2022-02-27 11:49:29,499:INFO:Cross validating with StratifiedKFold(n_splits=10, random_state=None, shuffle=False), n_jobs=-1
2022-02-27 11:49:48,705:INFO:Calculating mean and std
2022-02-27 11:49:48,707:INFO:Creating metrics dataframe
2022-02-27 11:49:48,714:INFO:Uploading results into container
2022-02-27 11:49:48,714:INFO:Uploading model into container now
2022-02-27 11:49:48,714:INFO:create_model_container: 8
2022-02-27 11:49:48,714:INFO:master_model_container: 8
2022-02-27 11:49:48,714:INFO:display_container: 2
2022-02-27 11:49:48,715:INFO:QuadraticDiscriminantAnalysis(priors=None, reg_param=0.0,
                              store_covariance=False, tol=0.0001)
2022-02-27 11:49:48,715:INFO:create_model() succesfully completed......................................
2022-02-27 11:49:48,964:INFO:SubProcess create_model() end ==================================
2022-02-27 11:49:48,964:INFO:Creating metrics dataframe
2022-02-27 11:49:48,989:INFO:Initializing Ada Boost Classifier
2022-02-27 11:49:48,989:INFO:Total runtime is 2.1899043639500935 minutes
2022-02-27 11:49:49,005:INFO:SubProcess create_model() called ==================================
2022-02-27 11:49:49,006:INFO:Initializing create_model()
2022-02-27 11:49:49,006:INFO:create_model(estimator=ada, fold=StratifiedKFold(n_splits=10, random_state=None, shuffle=False), round=4, cross_validation=True, predict=True, fit_kwargs={}, groups=None, refit=False, verbose=False, system=False, metrics=None, add_to_model_list=True, display=<pycaret.internal.Display.Display object at 0x13a12cf90>, kwargs={})
2022-02-27 11:49:49,006:INFO:Checking exceptions
2022-02-27 11:49:49,007:INFO:Importing libraries
2022-02-27 11:49:49,007:INFO:Copying training dataset
2022-02-27 11:49:49,013:INFO:Defining folds
2022-02-27 11:49:49,013:INFO:Declaring metric variables
2022-02-27 11:49:49,032:INFO:Importing untrained model
2022-02-27 11:49:49,067:INFO:Ada Boost Classifier Imported succesfully
2022-02-27 11:49:49,105:INFO:Starting cross validation
2022-02-27 11:49:49,106:INFO:Cross validating with StratifiedKFold(n_splits=10, random_state=None, shuffle=False), n_jobs=-1
2022-02-27 11:49:55,618:INFO:Calculating mean and std
2022-02-27 11:49:55,620:INFO:Creating metrics dataframe
2022-02-27 11:49:55,629:INFO:Uploading results into container
2022-02-27 11:49:55,630:INFO:Uploading model into container now
2022-02-27 11:49:55,630:INFO:create_model_container: 9
2022-02-27 11:49:55,630:INFO:master_model_container: 9
2022-02-27 11:49:55,630:INFO:display_container: 2
2022-02-27 11:49:55,630:INFO:AdaBoostClassifier(algorithm='SAMME.R', base_estimator=None, learning_rate=1.0,
                   n_estimators=50, random_state=8185)
2022-02-27 11:49:55,630:INFO:create_model() succesfully completed......................................
2022-02-27 11:49:55,907:INFO:SubProcess create_model() end ==================================
2022-02-27 11:49:55,929:INFO:Creating metrics dataframe
2022-02-27 11:49:55,965:INFO:Initializing Gradient Boosting Classifier
2022-02-27 11:49:56,072:INFO:Total runtime is 2.307955499490102 minutes
2022-02-27 11:49:56,101:INFO:SubProcess create_model() called ==================================
2022-02-27 11:49:56,101:INFO:Initializing create_model()
2022-02-27 11:49:56,102:INFO:create_model(estimator=gbc, fold=StratifiedKFold(n_splits=10, random_state=None, shuffle=False), round=4, cross_validation=True, predict=True, fit_kwargs={}, groups=None, refit=False, verbose=False, system=False, metrics=None, add_to_model_list=True, display=<pycaret.internal.Display.Display object at 0x13a12cf90>, kwargs={})
2022-02-27 11:49:56,102:INFO:Checking exceptions
2022-02-27 11:49:56,102:INFO:Importing libraries
2022-02-27 11:49:56,102:INFO:Copying training dataset
2022-02-27 11:49:56,110:INFO:Defining folds
2022-02-27 11:49:56,110:INFO:Declaring metric variables
2022-02-27 11:49:56,127:INFO:Importing untrained model
2022-02-27 11:49:56,164:INFO:Gradient Boosting Classifier Imported succesfully
2022-02-27 11:49:56,300:INFO:Starting cross validation
2022-02-27 11:49:56,431:INFO:Cross validating with StratifiedKFold(n_splits=10, random_state=None, shuffle=False), n_jobs=-1
2022-02-27 11:50:14,755:INFO:Calculating mean and std
2022-02-27 11:50:14,757:INFO:Creating metrics dataframe
2022-02-27 11:50:14,763:INFO:Uploading results into container
2022-02-27 11:50:14,763:INFO:Uploading model into container now
2022-02-27 11:50:14,764:INFO:create_model_container: 10
2022-02-27 11:50:14,764:INFO:master_model_container: 10
2022-02-27 11:50:14,764:INFO:display_container: 2
2022-02-27 11:50:14,765:INFO:GradientBoostingClassifier(ccp_alpha=0.0, criterion='friedman_mse', init=None,
                           learning_rate=0.1, loss='deviance', max_depth=3,
                           max_features=None, max_leaf_nodes=None,
                           min_impurity_decrease=0.0, min_impurity_split=None,
                           min_samples_leaf=1, min_samples_split=2,
                           min_weight_fraction_leaf=0.0, n_estimators=100,
                           n_iter_no_change=None, presort='deprecated',
                           random_state=8185, subsample=1.0, tol=0.0001,
                           validation_fraction=0.1, verbose=0,
                           warm_start=False)
2022-02-27 11:50:14,765:INFO:create_model() succesfully completed......................................
2022-02-27 11:50:15,027:INFO:SubProcess create_model() end ==================================
2022-02-27 11:50:15,027:INFO:Creating metrics dataframe
2022-02-27 11:50:15,054:INFO:Initializing Linear Discriminant Analysis
2022-02-27 11:50:15,054:INFO:Total runtime is 2.6243217984835305 minutes
2022-02-27 11:50:15,071:INFO:SubProcess create_model() called ==================================
2022-02-27 11:50:15,071:INFO:Initializing create_model()
2022-02-27 11:50:15,071:INFO:create_model(estimator=lda, fold=StratifiedKFold(n_splits=10, random_state=None, shuffle=False), round=4, cross_validation=True, predict=True, fit_kwargs={}, groups=None, refit=False, verbose=False, system=False, metrics=None, add_to_model_list=True, display=<pycaret.internal.Display.Display object at 0x13a12cf90>, kwargs={})
2022-02-27 11:50:15,072:INFO:Checking exceptions
2022-02-27 11:50:15,072:INFO:Importing libraries
2022-02-27 11:50:15,072:INFO:Copying training dataset
2022-02-27 11:50:15,077:INFO:Defining folds
2022-02-27 11:50:15,077:INFO:Declaring metric variables
2022-02-27 11:50:15,100:INFO:Importing untrained model
2022-02-27 11:50:15,134:INFO:Linear Discriminant Analysis Imported succesfully
2022-02-27 11:50:15,180:INFO:Starting cross validation
2022-02-27 11:50:15,181:INFO:Cross validating with StratifiedKFold(n_splits=10, random_state=None, shuffle=False), n_jobs=-1
2022-02-27 11:51:16,979:INFO:Calculating mean and std
2022-02-27 11:51:16,980:INFO:Creating metrics dataframe
2022-02-27 11:51:16,986:INFO:Uploading results into container
2022-02-27 11:51:16,986:INFO:Uploading model into container now
2022-02-27 11:51:16,987:INFO:create_model_container: 11
2022-02-27 11:51:16,987:INFO:master_model_container: 11
2022-02-27 11:51:16,987:INFO:display_container: 2
2022-02-27 11:51:16,988:INFO:LinearDiscriminantAnalysis(n_components=None, priors=None, shrinkage=None,
                           solver='svd', store_covariance=False, tol=0.0001)
2022-02-27 11:51:16,988:INFO:create_model() succesfully completed......................................
2022-02-27 11:51:17,234:INFO:SubProcess create_model() end ==================================
2022-02-27 11:51:17,234:INFO:Creating metrics dataframe
2022-02-27 11:51:17,263:INFO:Initializing Extra Trees Classifier
2022-02-27 11:51:17,263:INFO:Total runtime is 3.6611425995826723 minutes
2022-02-27 11:51:17,278:INFO:SubProcess create_model() called ==================================
2022-02-27 11:51:17,279:INFO:Initializing create_model()
2022-02-27 11:51:17,279:INFO:create_model(estimator=et, fold=StratifiedKFold(n_splits=10, random_state=None, shuffle=False), round=4, cross_validation=True, predict=True, fit_kwargs={}, groups=None, refit=False, verbose=False, system=False, metrics=None, add_to_model_list=True, display=<pycaret.internal.Display.Display object at 0x13a12cf90>, kwargs={})
2022-02-27 11:51:17,279:INFO:Checking exceptions
2022-02-27 11:51:17,279:INFO:Importing libraries
2022-02-27 11:51:17,280:INFO:Copying training dataset
2022-02-27 11:51:17,286:INFO:Defining folds
2022-02-27 11:51:17,286:INFO:Declaring metric variables
2022-02-27 11:51:17,300:INFO:Importing untrained model
2022-02-27 11:51:17,321:INFO:Extra Trees Classifier Imported succesfully
2022-02-27 11:51:17,382:INFO:Starting cross validation
2022-02-27 11:51:17,384:INFO:Cross validating with StratifiedKFold(n_splits=10, random_state=None, shuffle=False), n_jobs=-1
2022-02-27 11:51:34,240:INFO:Calculating mean and std
2022-02-27 11:51:34,243:INFO:Creating metrics dataframe
2022-02-27 11:51:34,255:INFO:Uploading results into container
2022-02-27 11:51:34,255:INFO:Uploading model into container now
2022-02-27 11:51:34,255:INFO:create_model_container: 12
2022-02-27 11:51:34,255:INFO:master_model_container: 12
2022-02-27 11:51:34,256:INFO:display_container: 2
2022-02-27 11:51:34,256:INFO:ExtraTreesClassifier(bootstrap=False, ccp_alpha=0.0, class_weight=None,
                     criterion='gini', max_depth=None, max_features='auto',
                     max_leaf_nodes=None, max_samples=None,
                     min_impurity_decrease=0.0, min_impurity_split=None,
                     min_samples_leaf=1, min_samples_split=2,
                     min_weight_fraction_leaf=0.0, n_estimators=100, n_jobs=-1,
                     oob_score=False, random_state=8185, verbose=0,
                     warm_start=False)
2022-02-27 11:51:34,256:INFO:create_model() succesfully completed......................................
2022-02-27 11:51:34,512:INFO:SubProcess create_model() end ==================================
2022-02-27 11:51:34,606:INFO:Creating metrics dataframe
2022-02-27 11:51:34,638:INFO:Initializing Extreme Gradient Boosting
2022-02-27 11:51:34,639:INFO:Total runtime is 3.9507318695386253 minutes
2022-02-27 11:51:34,653:INFO:SubProcess create_model() called ==================================
2022-02-27 11:51:34,653:INFO:Initializing create_model()
2022-02-27 11:51:34,654:INFO:create_model(estimator=xgboost, fold=StratifiedKFold(n_splits=10, random_state=None, shuffle=False), round=4, cross_validation=True, predict=True, fit_kwargs={}, groups=None, refit=False, verbose=False, system=False, metrics=None, add_to_model_list=True, display=<pycaret.internal.Display.Display object at 0x13a12cf90>, kwargs={})
2022-02-27 11:51:34,654:INFO:Checking exceptions
2022-02-27 11:51:34,654:INFO:Importing libraries
2022-02-27 11:51:34,654:INFO:Copying training dataset
2022-02-27 11:51:34,659:INFO:Defining folds
2022-02-27 11:51:34,659:INFO:Declaring metric variables
2022-02-27 11:51:34,670:INFO:Importing untrained model
2022-02-27 11:51:34,690:INFO:Extreme Gradient Boosting Imported succesfully
2022-02-27 11:51:34,731:INFO:Starting cross validation
2022-02-27 11:51:34,734:INFO:Cross validating with StratifiedKFold(n_splits=10, random_state=None, shuffle=False), n_jobs=-1
2022-02-27 11:53:42,059:INFO:Calculating mean and std
2022-02-27 11:53:42,061:INFO:Creating metrics dataframe
2022-02-27 11:53:42,071:INFO:Uploading results into container
2022-02-27 11:53:42,071:INFO:Uploading model into container now
2022-02-27 11:53:42,071:INFO:create_model_container: 13
2022-02-27 11:53:42,072:INFO:master_model_container: 13
2022-02-27 11:53:42,072:INFO:display_container: 2
2022-02-27 11:53:42,074:INFO:XGBClassifier(base_score=None, booster='gbtree', colsample_bylevel=None,
              colsample_bynode=None, colsample_bytree=None,
              enable_categorical=False, gamma=None, gpu_id=None,
              importance_type=None, interaction_constraints=None,
              learning_rate=None, max_delta_step=None, max_depth=None,
              min_child_weight=None, missing=nan, monotone_constraints=None,
              n_estimators=100, n_jobs=-1, num_parallel_tree=None,
              objective='binary:logistic', predictor=None, random_state=8185,
              reg_alpha=None, reg_lambda=None, scale_pos_weight=None,
              subsample=None, tree_method='auto', use_label_encoder=True,
              validate_parameters=None, verbosity=0)
2022-02-27 11:53:42,074:INFO:create_model() succesfully completed......................................
2022-02-27 11:53:42,331:INFO:SubProcess create_model() end ==================================
2022-02-27 11:53:42,331:INFO:Creating metrics dataframe
2022-02-27 11:53:42,359:INFO:Initializing Light Gradient Boosting Machine
2022-02-27 11:53:42,359:INFO:Total runtime is 6.079400765895844 minutes
2022-02-27 11:53:42,378:INFO:SubProcess create_model() called ==================================
2022-02-27 11:53:42,379:INFO:Initializing create_model()
2022-02-27 11:53:42,379:INFO:create_model(estimator=lightgbm, fold=StratifiedKFold(n_splits=10, random_state=None, shuffle=False), round=4, cross_validation=True, predict=True, fit_kwargs={}, groups=None, refit=False, verbose=False, system=False, metrics=None, add_to_model_list=True, display=<pycaret.internal.Display.Display object at 0x13a12cf90>, kwargs={})
2022-02-27 11:53:42,380:INFO:Checking exceptions
2022-02-27 11:53:42,380:INFO:Importing libraries
2022-02-27 11:53:42,380:INFO:Copying training dataset
2022-02-27 11:53:42,385:INFO:Defining folds
2022-02-27 11:53:42,386:INFO:Declaring metric variables
2022-02-27 11:53:42,400:INFO:Importing untrained model
2022-02-27 11:53:42,472:INFO:Light Gradient Boosting Machine Imported succesfully
2022-02-27 11:53:42,526:INFO:Starting cross validation
2022-02-27 11:53:42,533:INFO:Cross validating with StratifiedKFold(n_splits=10, random_state=None, shuffle=False), n_jobs=-1
2022-02-27 11:54:06,688:INFO:Calculating mean and std
2022-02-27 11:54:06,690:INFO:Creating metrics dataframe
2022-02-27 11:54:06,702:INFO:Uploading results into container
2022-02-27 11:54:06,702:INFO:Uploading model into container now
2022-02-27 11:54:06,703:INFO:create_model_container: 14
2022-02-27 11:54:06,703:INFO:master_model_container: 14
2022-02-27 11:54:06,703:INFO:display_container: 2
2022-02-27 11:54:06,703:INFO:LGBMClassifier(boosting_type='gbdt', class_weight=None, colsample_bytree=1.0,
               importance_type='split', learning_rate=0.1, max_depth=-1,
               min_child_samples=20, min_child_weight=0.001, min_split_gain=0.0,
               n_estimators=100, n_jobs=-1, num_leaves=31, objective=None,
               random_state=8185, reg_alpha=0.0, reg_lambda=0.0, silent=True,
               subsample=1.0, subsample_for_bin=200000, subsample_freq=0)
2022-02-27 11:54:06,703:INFO:create_model() succesfully completed......................................
2022-02-27 11:54:06,982:INFO:SubProcess create_model() end ==================================
2022-02-27 11:54:06,982:INFO:Creating metrics dataframe
2022-02-27 11:54:07,016:INFO:Initializing CatBoost Classifier
2022-02-27 11:54:07,016:INFO:Total runtime is 6.490351982911428 minutes
2022-02-27 11:54:07,064:INFO:SubProcess create_model() called ==================================
2022-02-27 11:54:07,065:INFO:Initializing create_model()
2022-02-27 11:54:07,065:INFO:create_model(estimator=catboost, fold=StratifiedKFold(n_splits=10, random_state=None, shuffle=False), round=4, cross_validation=True, predict=True, fit_kwargs={}, groups=None, refit=False, verbose=False, system=False, metrics=None, add_to_model_list=True, display=<pycaret.internal.Display.Display object at 0x13a12cf90>, kwargs={})
2022-02-27 11:54:07,065:INFO:Checking exceptions
2022-02-27 11:54:07,066:INFO:Importing libraries
2022-02-27 11:54:07,066:INFO:Copying training dataset
2022-02-27 11:54:07,076:INFO:Defining folds
2022-02-27 11:54:07,181:INFO:Declaring metric variables
2022-02-27 11:54:07,198:INFO:Importing untrained model
2022-02-27 11:54:07,323:INFO:CatBoost Classifier Imported succesfully
2022-02-27 11:54:07,411:INFO:Starting cross validation
2022-02-27 11:54:07,520:INFO:Cross validating with StratifiedKFold(n_splits=10, random_state=None, shuffle=False), n_jobs=-1
2022-02-27 11:59:50,163:INFO:Calculating mean and std
2022-02-27 11:59:50,165:INFO:Creating metrics dataframe
2022-02-27 11:59:50,172:INFO:Uploading results into container
2022-02-27 11:59:50,172:INFO:Uploading model into container now
2022-02-27 11:59:50,172:INFO:create_model_container: 15
2022-02-27 11:59:50,172:INFO:master_model_container: 15
2022-02-27 11:59:50,173:INFO:display_container: 2
2022-02-27 11:59:50,173:INFO:<catboost.core.CatBoostClassifier object at 0x17defe310>
2022-02-27 11:59:50,173:INFO:create_model() succesfully completed......................................
2022-02-27 11:59:50,429:INFO:SubProcess create_model() end ==================================
2022-02-27 11:59:50,429:INFO:Creating metrics dataframe
2022-02-27 11:59:50,497:INFO:Initializing create_model()
2022-02-27 11:59:50,498:INFO:create_model(estimator=LogisticRegression(C=1.0, class_weight=None, dual=False, fit_intercept=True,
                   intercept_scaling=1, l1_ratio=None, max_iter=1000,
                   multi_class='auto', n_jobs=None, penalty='l2',
                   random_state=8185, solver='lbfgs', tol=0.0001, verbose=0,
                   warm_start=False), fold=StratifiedKFold(n_splits=10, random_state=None, shuffle=False), round=4, cross_validation=False, predict=False, fit_kwargs={}, groups=None, refit=True, verbose=False, system=False, metrics=None, add_to_model_list=True, display=None, kwargs={})
2022-02-27 11:59:50,498:INFO:Checking exceptions
2022-02-27 11:59:50,498:INFO:Importing libraries
2022-02-27 11:59:50,498:INFO:Copying training dataset
2022-02-27 11:59:50,503:INFO:Defining folds
2022-02-27 11:59:50,503:INFO:Declaring metric variables
2022-02-27 11:59:50,503:INFO:Importing untrained model
2022-02-27 11:59:50,503:INFO:Declaring custom model
2022-02-27 11:59:50,504:INFO:Logistic Regression Imported succesfully
2022-02-27 11:59:50,504:INFO:Cross validation set to False
2022-02-27 11:59:50,505:INFO:Fitting Model
2022-02-27 11:59:53,800:INFO:LogisticRegression(C=1.0, class_weight=None, dual=False, fit_intercept=True,
                   intercept_scaling=1, l1_ratio=None, max_iter=1000,
                   multi_class='auto', n_jobs=None, penalty='l2',
                   random_state=8185, solver='lbfgs', tol=0.0001, verbose=0,
                   warm_start=False)
2022-02-27 11:59:53,801:INFO:create_models() succesfully completed......................................
2022-02-27 11:59:54,170:INFO:create_model_container: 15
2022-02-27 11:59:54,170:INFO:master_model_container: 15
2022-02-27 11:59:54,171:INFO:display_container: 2
2022-02-27 11:59:54,172:INFO:LogisticRegression(C=1.0, class_weight=None, dual=False, fit_intercept=True,
                   intercept_scaling=1, l1_ratio=None, max_iter=1000,
                   multi_class='auto', n_jobs=None, penalty='l2',
                   random_state=8185, solver='lbfgs', tol=0.0001, verbose=0,
                   warm_start=False)
2022-02-27 11:59:54,172:INFO:compare_models() succesfully completed......................................
2022-03-01 10:28:40,569:INFO:PyCaret Supervised Module
2022-03-01 10:28:40,727:INFO:ML Usecase: classification
2022-03-01 10:28:40,829:INFO:version 2.3.4
2022-03-01 10:28:40,829:INFO:Initializing setup()
2022-03-01 10:28:40,830:INFO:setup(target=Polarity, ml_usecase=classification, available_plots={'parameter': 'Hyperparameters', 'auc': 'AUC', 'confusion_matrix': 'Confusion Matrix', 'threshold': 'Threshold', 'pr': 'Precision Recall', 'error': 'Prediction Error', 'class_report': 'Class Report', 'rfe': 'Feature Selection', 'learning': 'Learning Curve', 'manifold': 'Manifold Learning', 'calibration': 'Calibration Curve', 'vc': 'Validation Curve', 'dimension': 'Dimensions', 'feature': 'Feature Importance', 'feature_all': 'Feature Importance (All)', 'boundary': 'Decision Boundary', 'lift': 'Lift Chart', 'gain': 'Gain Chart', 'tree': 'Decision Tree', 'ks': 'KS Statistic Plot'}, train_size=0.7, test_data=None, preprocess=True, imputation_type=simple, iterative_imputation_iters=5, categorical_features=None, categorical_imputation=constant, categorical_iterative_imputer=lightgbm, ordinal_features=None, high_cardinality_features=None, high_cardinality_method=frequency, numeric_features=None, numeric_imputation=mean, numeric_iterative_imputer=lightgbm, date_features=None, ignore_features=None, normalize=False, normalize_method=zscore, transformation=False, transformation_method=yeo-johnson, handle_unknown_categorical=True, unknown_categorical_method=least_frequent, pca=False, pca_method=linear, pca_components=None, ignore_low_variance=False, combine_rare_levels=False, rare_level_threshold=0.1, bin_numeric_features=None, remove_outliers=False, outliers_threshold=0.05, remove_multicollinearity=False, multicollinearity_threshold=0.9, remove_perfect_collinearity=True, create_clusters=False, cluster_iter=20, polynomial_features=False, polynomial_degree=2, trigonometry_features=False, polynomial_threshold=0.1, group_features=None, group_names=None, feature_selection=False, feature_selection_threshold=0.8, feature_selection_method=classic, feature_interaction=False, feature_ratio=False, interaction_threshold=0.01, fix_imbalance=False, fix_imbalance_method=None, transform_target=False, transform_target_method=box-cox, data_split_shuffle=True, data_split_stratify=False, fold_strategy=stratifiedkfold, fold=10, fold_shuffle=False, fold_groups=None, n_jobs=-1, use_gpu=False, custom_pipeline=None, html=True, session_id=None, log_experiment=False, experiment_name=None, log_plots=False, log_profile=False, log_data=False, silent=False, verbose=True, profile=False, profile_kwargs=None, display=None)
2022-03-01 10:28:40,830:INFO:Checking environment
2022-03-01 10:28:40,973:INFO:python_version: 3.7.7
2022-03-01 10:28:40,974:INFO:python_build: ('default', 'Mar 26 2020 10:32:53')
2022-03-01 10:28:40,974:INFO:machine: x86_64
2022-03-01 10:28:41,315:INFO:platform: Darwin-18.7.0-x86_64-i386-64bit
2022-03-01 10:28:41,316:INFO:Memory: svmem(total=10737418240, available=3814477824, percent=64.5, used=5210759168, free=365531136, active=3447889920, inactive=3421052928, wired=1762869248)
2022-03-01 10:28:41,317:INFO:Physical Core: 2
2022-03-01 10:28:41,317:INFO:Logical Core: 4
2022-03-01 10:28:41,317:INFO:Checking libraries
2022-03-01 10:28:41,317:INFO:pd==1.3.1
2022-03-01 10:28:41,317:INFO:numpy==1.19.5
2022-03-01 10:28:41,317:INFO:sklearn==0.23.2
2022-03-01 10:28:41,317:INFO:lightgbm==3.2.1
2022-03-01 10:28:42,499:INFO:catboost==1.0.3
2022-03-01 10:28:43,453:INFO:xgboost==1.5.0
2022-03-01 10:29:04,563:INFO:mlflow==1.21.0
2022-03-01 10:29:04,563:INFO:Checking Exceptions
2022-03-01 10:29:04,565:INFO:Declaring global variables
2022-03-01 10:29:04,565:INFO:USI: 1d55
2022-03-01 10:29:04,565:INFO:pycaret_globals: {'X', 'stratify_param', '_ml_usecase', 'fix_imbalance_param', 'imputation_classifier', '_gpu_n_jobs_param', 'log_plots_param', 'seed', 'transform_target_method_param', '_all_models_internal', 'fold_generator', 'fold_groups_param_full', '_available_plots', 'fold_groups_param', 'gpu_param', 'pycaret_globals', 'master_model_container', '_all_metrics', '_internal_pipeline', 'USI', 'logging_param', '_all_models', 'transform_target_param', 'create_model_container', 'X_train', 'fix_imbalance_method_param', 'X_test', 'target_param', 'y', 'n_jobs_param', 'exp_name_log', 'imputation_regressor', 'fold_shuffle_param', 'display_container', 'html_param', 'experiment__', 'y_train', 'fold_param', 'iterative_imputation_iters_param', 'data_before_preprocess', 'prep_pipe', 'y_test'}
2022-03-01 10:29:04,565:INFO:Preparing display monitor
2022-03-01 10:29:04,566:INFO:Preparing display monitor
2022-03-01 10:29:04,635:INFO:Importing libraries
2022-03-01 10:29:04,635:INFO:Copying data for preprocessing
2022-03-01 10:29:04,876:INFO:Declaring preprocessing parameters
2022-03-01 10:29:04,919:INFO:Creating preprocessing pipeline
2022-03-01 10:29:07,779:INFO:Preprocessing pipeline created successfully
2022-03-01 10:29:07,779:ERROR:(Process Exit): setup has been interupted with user command 'quit'. setup must rerun.
2022-03-01 10:29:07,780:INFO:Creating global containers
2022-03-01 10:29:07,780:INFO:Internal pipeline: Pipeline(memory=None, steps=[('empty_step', 'passthrough')], verbose=False)
2022-03-01 10:33:01,256:INFO:Creating grid variables
2022-03-01 10:33:01,421:INFO:create_model_container: 0
2022-03-01 10:33:01,421:INFO:master_model_container: 0
2022-03-01 10:33:01,421:INFO:display_container: 1
2022-03-01 10:33:01,434:INFO:Pipeline(memory=None,
         steps=[('dtypes',
                 DataTypes_Auto_infer(categorical_features=[],
                                      display_types=True, features_todrop=[],
                                      id_columns=[],
                                      ml_usecase='classification',
                                      numerical_features=[], target='Polarity',
                                      time_features=[])),
                ('imputer',
                 Simple_Imputer(categorical_strategy='not_available',
                                fill_value_categorical=None,
                                fill_value_numerical=None,
                                numeric_str...
                ('scaling', 'passthrough'), ('P_transform', 'passthrough'),
                ('binn', 'passthrough'), ('rem_outliers', 'passthrough'),
                ('cluster_all', 'passthrough'),
                ('dummy', Dummify(target='Polarity')),
                ('fix_perfect', Remove_100(target='Polarity')),
                ('clean_names', Clean_Colum_Names()),
                ('feature_select', 'passthrough'), ('fix_multi', 'passthrough'),
                ('dfs', 'passthrough'), ('pca', 'passthrough')],
         verbose=False)
2022-03-01 10:33:01,434:INFO:setup() succesfully completed......................................
2022-03-01 10:52:44,150:INFO:Initializing compare_models()
2022-03-01 10:52:44,308:INFO:compare_models(include=None, fold=None, round=4, cross_validation=True, sort=Accuracy, n_select=1, budget_time=None, turbo=True, errors=ignore, fit_kwargs=None, groups=None, verbose=True, display=None, exclude=None)
2022-03-01 10:52:44,308:INFO:Checking exceptions
2022-03-01 10:52:44,309:INFO:Preparing display monitor
2022-03-01 10:52:44,310:INFO:Preparing display monitor
2022-03-01 10:52:44,400:INFO:Initializing Logistic Regression
2022-03-01 10:52:44,400:INFO:Total runtime is 5.753835042317708e-06 minutes
2022-03-01 10:52:44,424:INFO:SubProcess create_model() called ==================================
2022-03-01 10:52:44,425:INFO:Initializing create_model()
2022-03-01 10:52:44,425:INFO:create_model(estimator=lr, fold=StratifiedKFold(n_splits=10, random_state=None, shuffle=False), round=4, cross_validation=True, predict=True, fit_kwargs={}, groups=None, refit=False, verbose=False, system=False, metrics=None, add_to_model_list=True, display=<pycaret.internal.Display.Display object at 0x16c0c2b90>, kwargs={})
2022-03-01 10:52:44,426:INFO:Checking exceptions
2022-03-01 10:52:44,426:INFO:Importing libraries
2022-03-01 10:52:44,426:INFO:Copying training dataset
2022-03-01 10:52:44,461:INFO:Defining folds
2022-03-01 10:52:44,462:INFO:Declaring metric variables
2022-03-01 10:52:44,586:INFO:Importing untrained model
2022-03-01 10:52:44,608:INFO:Logistic Regression Imported succesfully
2022-03-01 10:52:44,653:INFO:Starting cross validation
2022-03-01 10:52:44,655:INFO:Cross validating with StratifiedKFold(n_splits=10, random_state=None, shuffle=False), n_jobs=-1
2022-03-01 10:55:23,188:INFO:Calculating mean and std
2022-03-01 10:55:23,245:INFO:Creating metrics dataframe
2022-03-01 10:55:23,263:INFO:Uploading results into container
2022-03-01 10:55:23,263:INFO:Uploading model into container now
2022-03-01 10:55:23,264:INFO:create_model_container: 1
2022-03-01 10:55:23,264:INFO:master_model_container: 1
2022-03-01 10:55:23,265:INFO:display_container: 2
2022-03-01 10:55:23,266:INFO:LogisticRegression(C=1.0, class_weight=None, dual=False, fit_intercept=True,
                   intercept_scaling=1, l1_ratio=None, max_iter=1000,
                   multi_class='auto', n_jobs=None, penalty='l2',
                   random_state=3044, solver='lbfgs', tol=0.0001, verbose=0,
                   warm_start=False)
2022-03-01 10:55:23,266:INFO:create_model() succesfully completed......................................
2022-03-01 10:55:23,839:INFO:SubProcess create_model() end ==================================
2022-03-01 10:55:24,015:INFO:Creating metrics dataframe
2022-03-01 10:55:24,065:INFO:Initializing K Neighbors Classifier
2022-03-01 10:55:24,172:INFO:Total runtime is 2.662870915730794 minutes
2022-03-01 10:55:24,193:INFO:SubProcess create_model() called ==================================
2022-03-01 10:55:24,195:INFO:Initializing create_model()
2022-03-01 10:55:24,195:INFO:create_model(estimator=knn, fold=StratifiedKFold(n_splits=10, random_state=None, shuffle=False), round=4, cross_validation=True, predict=True, fit_kwargs={}, groups=None, refit=False, verbose=False, system=False, metrics=None, add_to_model_list=True, display=<pycaret.internal.Display.Display object at 0x16c0c2b90>, kwargs={})
2022-03-01 10:55:24,195:INFO:Checking exceptions
2022-03-01 10:55:24,195:INFO:Importing libraries
2022-03-01 10:55:24,195:INFO:Copying training dataset
2022-03-01 10:55:24,221:INFO:Defining folds
2022-03-01 10:55:24,222:INFO:Declaring metric variables
2022-03-01 10:55:24,241:INFO:Importing untrained model
2022-03-01 10:55:24,263:INFO:K Neighbors Classifier Imported succesfully
2022-03-01 10:55:24,309:INFO:Starting cross validation
2022-03-01 10:55:24,606:INFO:Cross validating with StratifiedKFold(n_splits=10, random_state=None, shuffle=False), n_jobs=-1
2022-03-01 10:55:35,077:INFO:Calculating mean and std
2022-03-01 10:55:35,079:INFO:Creating metrics dataframe
2022-03-01 10:55:35,093:INFO:Uploading results into container
2022-03-01 10:55:35,094:INFO:Uploading model into container now
2022-03-01 10:55:35,095:INFO:create_model_container: 2
2022-03-01 10:55:35,095:INFO:master_model_container: 2
2022-03-01 10:55:35,095:INFO:display_container: 2
2022-03-01 10:55:35,097:INFO:KNeighborsClassifier(algorithm='auto', leaf_size=30, metric='minkowski',
                     metric_params=None, n_jobs=-1, n_neighbors=5, p=2,
                     weights='uniform')
2022-03-01 10:55:35,097:INFO:create_model() succesfully completed......................................
2022-03-01 10:55:35,438:INFO:SubProcess create_model() end ==================================
2022-03-01 10:55:35,438:INFO:Creating metrics dataframe
2022-03-01 10:55:35,477:INFO:Initializing Naive Bayes
2022-03-01 10:55:35,477:INFO:Total runtime is 2.851297068595886 minutes
2022-03-01 10:55:35,501:INFO:SubProcess create_model() called ==================================
2022-03-01 10:55:35,501:INFO:Initializing create_model()
2022-03-01 10:55:35,502:INFO:create_model(estimator=nb, fold=StratifiedKFold(n_splits=10, random_state=None, shuffle=False), round=4, cross_validation=True, predict=True, fit_kwargs={}, groups=None, refit=False, verbose=False, system=False, metrics=None, add_to_model_list=True, display=<pycaret.internal.Display.Display object at 0x16c0c2b90>, kwargs={})
2022-03-01 10:55:35,502:INFO:Checking exceptions
2022-03-01 10:55:35,502:INFO:Importing libraries
2022-03-01 10:55:35,502:INFO:Copying training dataset
2022-03-01 10:55:35,508:INFO:Defining folds
2022-03-01 10:55:35,508:INFO:Declaring metric variables
2022-03-01 10:55:35,536:INFO:Importing untrained model
2022-03-01 10:55:35,558:INFO:Naive Bayes Imported succesfully
2022-03-01 10:55:35,606:INFO:Starting cross validation
2022-03-01 10:55:35,607:INFO:Cross validating with StratifiedKFold(n_splits=10, random_state=None, shuffle=False), n_jobs=-1
2022-03-01 10:55:38,152:INFO:Calculating mean and std
2022-03-01 10:55:38,155:INFO:Creating metrics dataframe
2022-03-01 10:55:38,167:INFO:Uploading results into container
2022-03-01 10:55:38,167:INFO:Uploading model into container now
2022-03-01 10:55:38,167:INFO:create_model_container: 3
2022-03-01 10:55:38,168:INFO:master_model_container: 3
2022-03-01 10:55:38,168:INFO:display_container: 2
2022-03-01 10:55:38,169:INFO:GaussianNB(priors=None, var_smoothing=1e-09)
2022-03-01 10:55:38,169:INFO:create_model() succesfully completed......................................
2022-03-01 10:55:38,466:INFO:SubProcess create_model() end ==================================
2022-03-01 10:55:38,466:INFO:Creating metrics dataframe
2022-03-01 10:55:38,522:INFO:Initializing Decision Tree Classifier
2022-03-01 10:55:38,522:INFO:Total runtime is 2.9020411014556884 minutes
2022-03-01 10:55:38,545:INFO:SubProcess create_model() called ==================================
2022-03-01 10:55:38,546:INFO:Initializing create_model()
2022-03-01 10:55:38,546:INFO:create_model(estimator=dt, fold=StratifiedKFold(n_splits=10, random_state=None, shuffle=False), round=4, cross_validation=True, predict=True, fit_kwargs={}, groups=None, refit=False, verbose=False, system=False, metrics=None, add_to_model_list=True, display=<pycaret.internal.Display.Display object at 0x16c0c2b90>, kwargs={})
2022-03-01 10:55:38,547:INFO:Checking exceptions
2022-03-01 10:55:38,547:INFO:Importing libraries
2022-03-01 10:55:38,547:INFO:Copying training dataset
2022-03-01 10:55:38,554:INFO:Defining folds
2022-03-01 10:55:38,554:INFO:Declaring metric variables
2022-03-01 10:55:38,575:INFO:Importing untrained model
2022-03-01 10:55:38,595:INFO:Decision Tree Classifier Imported succesfully
2022-03-01 10:55:38,639:INFO:Starting cross validation
2022-03-01 10:55:38,640:INFO:Cross validating with StratifiedKFold(n_splits=10, random_state=None, shuffle=False), n_jobs=-1
2022-03-01 10:55:43,160:INFO:Calculating mean and std
2022-03-01 10:55:43,163:INFO:Creating metrics dataframe
2022-03-01 10:55:43,174:INFO:Uploading results into container
2022-03-01 10:55:43,175:INFO:Uploading model into container now
2022-03-01 10:55:43,175:INFO:create_model_container: 4
2022-03-01 10:55:43,175:INFO:master_model_container: 4
2022-03-01 10:55:43,175:INFO:display_container: 2
2022-03-01 10:55:43,176:INFO:DecisionTreeClassifier(ccp_alpha=0.0, class_weight=None, criterion='gini',
                       max_depth=None, max_features=None, max_leaf_nodes=None,
                       min_impurity_decrease=0.0, min_impurity_split=None,
                       min_samples_leaf=1, min_samples_split=2,
                       min_weight_fraction_leaf=0.0, presort='deprecated',
                       random_state=3044, splitter='best')
2022-03-01 10:55:43,176:INFO:create_model() succesfully completed......................................
2022-03-01 10:55:43,505:INFO:SubProcess create_model() end ==================================
2022-03-01 10:55:43,505:INFO:Creating metrics dataframe
2022-03-01 10:55:43,553:INFO:Initializing SVM - Linear Kernel
2022-03-01 10:55:43,554:INFO:Total runtime is 2.9859007199605303 minutes
2022-03-01 10:55:43,577:INFO:SubProcess create_model() called ==================================
2022-03-01 10:55:43,577:INFO:Initializing create_model()
2022-03-01 10:55:43,578:INFO:create_model(estimator=svm, fold=StratifiedKFold(n_splits=10, random_state=None, shuffle=False), round=4, cross_validation=True, predict=True, fit_kwargs={}, groups=None, refit=False, verbose=False, system=False, metrics=None, add_to_model_list=True, display=<pycaret.internal.Display.Display object at 0x16c0c2b90>, kwargs={})
2022-03-01 10:55:43,578:INFO:Checking exceptions
2022-03-01 10:55:43,578:INFO:Importing libraries
2022-03-01 10:55:43,578:INFO:Copying training dataset
2022-03-01 10:55:43,584:INFO:Defining folds
2022-03-01 10:55:43,584:INFO:Declaring metric variables
2022-03-01 10:55:43,606:INFO:Importing untrained model
2022-03-01 10:55:43,630:INFO:SVM - Linear Kernel Imported succesfully
2022-03-01 10:55:43,674:INFO:Starting cross validation
2022-03-01 10:55:43,675:INFO:Cross validating with StratifiedKFold(n_splits=10, random_state=None, shuffle=False), n_jobs=-1
2022-03-01 10:55:49,435:INFO:Calculating mean and std
2022-03-01 10:55:49,475:INFO:Creating metrics dataframe
2022-03-01 10:55:49,484:INFO:Uploading results into container
2022-03-01 10:55:49,485:INFO:Uploading model into container now
2022-03-01 10:55:49,485:INFO:create_model_container: 5
2022-03-01 10:55:49,485:INFO:master_model_container: 5
2022-03-01 10:55:49,485:INFO:display_container: 2
2022-03-01 10:55:49,486:INFO:SGDClassifier(alpha=0.0001, average=False, class_weight=None,
              early_stopping=False, epsilon=0.1, eta0=0.001, fit_intercept=True,
              l1_ratio=0.15, learning_rate='optimal', loss='hinge',
              max_iter=1000, n_iter_no_change=5, n_jobs=-1, penalty='l2',
              power_t=0.5, random_state=3044, shuffle=True, tol=0.001,
              validation_fraction=0.1, verbose=0, warm_start=False)
2022-03-01 10:55:49,487:INFO:create_model() succesfully completed......................................
2022-03-01 10:55:50,019:INFO:SubProcess create_model() end ==================================
2022-03-01 10:55:50,019:INFO:Creating metrics dataframe
2022-03-01 10:55:50,052:INFO:Initializing Ridge Classifier
2022-03-01 10:55:50,052:INFO:Total runtime is 3.0942163189252216 minutes
2022-03-01 10:55:50,076:INFO:SubProcess create_model() called ==================================
2022-03-01 10:55:50,076:INFO:Initializing create_model()
2022-03-01 10:55:50,077:INFO:create_model(estimator=ridge, fold=StratifiedKFold(n_splits=10, random_state=None, shuffle=False), round=4, cross_validation=True, predict=True, fit_kwargs={}, groups=None, refit=False, verbose=False, system=False, metrics=None, add_to_model_list=True, display=<pycaret.internal.Display.Display object at 0x16c0c2b90>, kwargs={})
2022-03-01 10:55:50,077:INFO:Checking exceptions
2022-03-01 10:55:50,077:INFO:Importing libraries
2022-03-01 10:55:50,077:INFO:Copying training dataset
2022-03-01 10:55:50,083:INFO:Defining folds
2022-03-01 10:55:50,084:INFO:Declaring metric variables
2022-03-01 10:55:50,105:INFO:Importing untrained model
2022-03-01 10:55:50,129:INFO:Ridge Classifier Imported succesfully
2022-03-01 10:55:50,171:INFO:Starting cross validation
2022-03-01 10:55:50,172:INFO:Cross validating with StratifiedKFold(n_splits=10, random_state=None, shuffle=False), n_jobs=-1
2022-03-01 10:55:54,935:INFO:Calculating mean and std
2022-03-01 10:55:54,937:INFO:Creating metrics dataframe
2022-03-01 10:55:54,947:INFO:Uploading results into container
2022-03-01 10:55:54,947:INFO:Uploading model into container now
2022-03-01 10:55:54,948:INFO:create_model_container: 6
2022-03-01 10:55:54,948:INFO:master_model_container: 6
2022-03-01 10:55:54,948:INFO:display_container: 2
2022-03-01 10:55:54,949:INFO:RidgeClassifier(alpha=1.0, class_weight=None, copy_X=True, fit_intercept=True,
                max_iter=None, normalize=False, random_state=3044,
                solver='auto', tol=0.001)
2022-03-01 10:55:54,949:INFO:create_model() succesfully completed......................................
2022-03-01 10:55:55,277:INFO:SubProcess create_model() end ==================================
2022-03-01 10:55:55,277:INFO:Creating metrics dataframe
2022-03-01 10:55:55,330:INFO:Initializing Random Forest Classifier
2022-03-01 10:55:55,330:INFO:Total runtime is 3.182181131839752 minutes
2022-03-01 10:55:55,357:INFO:SubProcess create_model() called ==================================
2022-03-01 10:55:55,358:INFO:Initializing create_model()
2022-03-01 10:55:55,358:INFO:create_model(estimator=rf, fold=StratifiedKFold(n_splits=10, random_state=None, shuffle=False), round=4, cross_validation=True, predict=True, fit_kwargs={}, groups=None, refit=False, verbose=False, system=False, metrics=None, add_to_model_list=True, display=<pycaret.internal.Display.Display object at 0x16c0c2b90>, kwargs={})
2022-03-01 10:55:55,358:INFO:Checking exceptions
2022-03-01 10:55:55,358:INFO:Importing libraries
2022-03-01 10:55:55,359:INFO:Copying training dataset
2022-03-01 10:55:55,367:INFO:Defining folds
2022-03-01 10:55:55,367:INFO:Declaring metric variables
2022-03-01 10:55:55,391:INFO:Importing untrained model
2022-03-01 10:55:55,425:INFO:Random Forest Classifier Imported succesfully
2022-03-01 10:55:55,499:INFO:Starting cross validation
2022-03-01 10:55:55,501:INFO:Cross validating with StratifiedKFold(n_splits=10, random_state=None, shuffle=False), n_jobs=-1
2022-03-01 10:56:10,679:INFO:Calculating mean and std
2022-03-01 10:56:10,698:INFO:Creating metrics dataframe
2022-03-01 10:56:10,711:INFO:Uploading results into container
2022-03-01 10:56:10,711:INFO:Uploading model into container now
2022-03-01 10:56:10,712:INFO:create_model_container: 7
2022-03-01 10:56:10,712:INFO:master_model_container: 7
2022-03-01 10:56:10,712:INFO:display_container: 2
2022-03-01 10:56:10,712:INFO:RandomForestClassifier(bootstrap=True, ccp_alpha=0.0, class_weight=None,
                       criterion='gini', max_depth=None, max_features='auto',
                       max_leaf_nodes=None, max_samples=None,
                       min_impurity_decrease=0.0, min_impurity_split=None,
                       min_samples_leaf=1, min_samples_split=2,
                       min_weight_fraction_leaf=0.0, n_estimators=100,
                       n_jobs=-1, oob_score=False, random_state=3044, verbose=0,
                       warm_start=False)
2022-03-01 10:56:10,712:INFO:create_model() succesfully completed......................................
2022-03-01 10:56:11,402:INFO:SubProcess create_model() end ==================================
2022-03-01 10:56:11,403:INFO:Creating metrics dataframe
2022-03-01 10:56:11,437:INFO:Initializing Quadratic Discriminant Analysis
2022-03-01 10:56:11,438:INFO:Total runtime is 3.4506353656450903 minutes
2022-03-01 10:56:11,456:INFO:SubProcess create_model() called ==================================
2022-03-01 10:56:11,458:INFO:Initializing create_model()
2022-03-01 10:56:11,459:INFO:create_model(estimator=qda, fold=StratifiedKFold(n_splits=10, random_state=None, shuffle=False), round=4, cross_validation=True, predict=True, fit_kwargs={}, groups=None, refit=False, verbose=False, system=False, metrics=None, add_to_model_list=True, display=<pycaret.internal.Display.Display object at 0x16c0c2b90>, kwargs={})
2022-03-01 10:56:11,459:INFO:Checking exceptions
2022-03-01 10:56:11,459:INFO:Importing libraries
2022-03-01 10:56:11,459:INFO:Copying training dataset
2022-03-01 10:56:11,466:INFO:Defining folds
2022-03-01 10:56:11,467:INFO:Declaring metric variables
2022-03-01 10:56:11,532:INFO:Importing untrained model
2022-03-01 10:56:11,624:INFO:Quadratic Discriminant Analysis Imported succesfully
2022-03-01 10:56:11,727:INFO:Starting cross validation
2022-03-01 10:56:11,730:INFO:Cross validating with StratifiedKFold(n_splits=10, random_state=None, shuffle=False), n_jobs=-1
2022-03-01 10:56:39,659:INFO:Calculating mean and std
2022-03-01 10:56:39,694:INFO:Creating metrics dataframe
2022-03-01 10:56:39,705:INFO:Uploading results into container
2022-03-01 10:56:39,705:INFO:Uploading model into container now
2022-03-01 10:56:39,706:INFO:create_model_container: 8
2022-03-01 10:56:39,706:INFO:master_model_container: 8
2022-03-01 10:56:39,706:INFO:display_container: 2
2022-03-01 10:56:39,707:INFO:QuadraticDiscriminantAnalysis(priors=None, reg_param=0.0,
                              store_covariance=False, tol=0.0001)
2022-03-01 10:56:39,707:INFO:create_model() succesfully completed......................................
2022-03-01 10:56:40,036:INFO:SubProcess create_model() end ==================================
2022-03-01 10:56:40,036:INFO:Creating metrics dataframe
2022-03-01 10:56:40,071:INFO:Initializing Ada Boost Classifier
2022-03-01 10:56:40,072:INFO:Total runtime is 3.927872288227081 minutes
2022-03-01 10:56:40,095:INFO:SubProcess create_model() called ==================================
2022-03-01 10:56:40,096:INFO:Initializing create_model()
2022-03-01 10:56:40,096:INFO:create_model(estimator=ada, fold=StratifiedKFold(n_splits=10, random_state=None, shuffle=False), round=4, cross_validation=True, predict=True, fit_kwargs={}, groups=None, refit=False, verbose=False, system=False, metrics=None, add_to_model_list=True, display=<pycaret.internal.Display.Display object at 0x16c0c2b90>, kwargs={})
2022-03-01 10:56:40,096:INFO:Checking exceptions
2022-03-01 10:56:40,096:INFO:Importing libraries
2022-03-01 10:56:40,097:INFO:Copying training dataset
2022-03-01 10:56:40,103:INFO:Defining folds
2022-03-01 10:56:40,103:INFO:Declaring metric variables
2022-03-01 10:56:40,124:INFO:Importing untrained model
2022-03-01 10:56:40,140:INFO:Ada Boost Classifier Imported succesfully
2022-03-01 10:56:40,175:INFO:Starting cross validation
2022-03-01 10:56:40,176:INFO:Cross validating with StratifiedKFold(n_splits=10, random_state=None, shuffle=False), n_jobs=-1
2022-03-01 10:56:48,752:INFO:Calculating mean and std
2022-03-01 10:56:48,755:INFO:Creating metrics dataframe
2022-03-01 10:56:48,766:INFO:Uploading results into container
2022-03-01 10:56:48,767:INFO:Uploading model into container now
2022-03-01 10:56:48,767:INFO:create_model_container: 9
2022-03-01 10:56:48,767:INFO:master_model_container: 9
2022-03-01 10:56:48,768:INFO:display_container: 2
2022-03-01 10:56:48,769:INFO:AdaBoostClassifier(algorithm='SAMME.R', base_estimator=None, learning_rate=1.0,
                   n_estimators=50, random_state=3044)
2022-03-01 10:56:48,769:INFO:create_model() succesfully completed......................................
2022-03-01 10:56:49,110:INFO:SubProcess create_model() end ==================================
2022-03-01 10:56:49,111:INFO:Creating metrics dataframe
2022-03-01 10:56:49,165:INFO:Initializing Gradient Boosting Classifier
2022-03-01 10:56:49,166:INFO:Total runtime is 4.07943863471349 minutes
2022-03-01 10:56:49,206:INFO:SubProcess create_model() called ==================================
2022-03-01 10:56:49,211:INFO:Initializing create_model()
2022-03-01 10:56:49,212:INFO:create_model(estimator=gbc, fold=StratifiedKFold(n_splits=10, random_state=None, shuffle=False), round=4, cross_validation=True, predict=True, fit_kwargs={}, groups=None, refit=False, verbose=False, system=False, metrics=None, add_to_model_list=True, display=<pycaret.internal.Display.Display object at 0x16c0c2b90>, kwargs={})
2022-03-01 10:56:49,213:INFO:Checking exceptions
2022-03-01 10:56:49,213:INFO:Importing libraries
2022-03-01 10:56:49,213:INFO:Copying training dataset
2022-03-01 10:56:49,221:INFO:Defining folds
2022-03-01 10:56:49,222:INFO:Declaring metric variables
2022-03-01 10:56:49,249:INFO:Importing untrained model
2022-03-01 10:56:49,288:INFO:Gradient Boosting Classifier Imported succesfully
2022-03-01 10:56:49,342:INFO:Starting cross validation
2022-03-01 10:56:49,349:INFO:Cross validating with StratifiedKFold(n_splits=10, random_state=None, shuffle=False), n_jobs=-1
2022-03-01 10:57:13,050:INFO:Calculating mean and std
2022-03-01 10:57:13,052:INFO:Creating metrics dataframe
2022-03-01 10:57:13,062:INFO:Uploading results into container
2022-03-01 10:57:13,063:INFO:Uploading model into container now
2022-03-01 10:57:13,063:INFO:create_model_container: 10
2022-03-01 10:57:13,063:INFO:master_model_container: 10
2022-03-01 10:57:13,063:INFO:display_container: 2
2022-03-01 10:57:13,065:INFO:GradientBoostingClassifier(ccp_alpha=0.0, criterion='friedman_mse', init=None,
                           learning_rate=0.1, loss='deviance', max_depth=3,
                           max_features=None, max_leaf_nodes=None,
                           min_impurity_decrease=0.0, min_impurity_split=None,
                           min_samples_leaf=1, min_samples_split=2,
                           min_weight_fraction_leaf=0.0, n_estimators=100,
                           n_iter_no_change=None, presort='deprecated',
                           random_state=3044, subsample=1.0, tol=0.0001,
                           validation_fraction=0.1, verbose=0,
                           warm_start=False)
2022-03-01 10:57:13,065:INFO:create_model() succesfully completed......................................
2022-03-01 10:57:13,389:INFO:SubProcess create_model() end ==================================
2022-03-01 10:57:13,389:INFO:Creating metrics dataframe
2022-03-01 10:57:13,439:INFO:Initializing Linear Discriminant Analysis
2022-03-01 10:57:13,439:INFO:Total runtime is 4.4839972853660575 minutes
2022-03-01 10:57:13,458:INFO:SubProcess create_model() called ==================================
2022-03-01 10:57:13,460:INFO:Initializing create_model()
2022-03-01 10:57:13,460:INFO:create_model(estimator=lda, fold=StratifiedKFold(n_splits=10, random_state=None, shuffle=False), round=4, cross_validation=True, predict=True, fit_kwargs={}, groups=None, refit=False, verbose=False, system=False, metrics=None, add_to_model_list=True, display=<pycaret.internal.Display.Display object at 0x16c0c2b90>, kwargs={})
2022-03-01 10:57:13,460:INFO:Checking exceptions
2022-03-01 10:57:13,461:INFO:Importing libraries
2022-03-01 10:57:13,461:INFO:Copying training dataset
2022-03-01 10:57:13,467:INFO:Defining folds
2022-03-01 10:57:13,467:INFO:Declaring metric variables
2022-03-01 10:57:13,485:INFO:Importing untrained model
2022-03-01 10:57:13,502:INFO:Linear Discriminant Analysis Imported succesfully
2022-03-01 10:57:13,537:INFO:Starting cross validation
2022-03-01 10:57:13,541:INFO:Cross validating with StratifiedKFold(n_splits=10, random_state=None, shuffle=False), n_jobs=-1
2022-03-01 10:58:27,886:INFO:Calculating mean and std
2022-03-01 10:58:27,922:INFO:Creating metrics dataframe
2022-03-01 10:58:27,931:INFO:Uploading results into container
2022-03-01 10:58:27,932:INFO:Uploading model into container now
2022-03-01 10:58:27,933:INFO:create_model_container: 11
2022-03-01 10:58:27,933:INFO:master_model_container: 11
2022-03-01 10:58:27,933:INFO:display_container: 2
2022-03-01 10:58:27,934:INFO:LinearDiscriminantAnalysis(n_components=None, priors=None, shrinkage=None,
                           solver='svd', store_covariance=False, tol=0.0001)
2022-03-01 10:58:27,934:INFO:create_model() succesfully completed......................................
2022-03-01 10:58:28,185:INFO:SubProcess create_model() end ==================================
2022-03-01 10:58:28,186:INFO:Creating metrics dataframe
2022-03-01 10:58:28,217:INFO:Initializing Extra Trees Classifier
2022-03-01 10:58:28,218:INFO:Total runtime is 5.730303700764973 minutes
2022-03-01 10:58:28,234:INFO:SubProcess create_model() called ==================================
2022-03-01 10:58:28,235:INFO:Initializing create_model()
2022-03-01 10:58:28,235:INFO:create_model(estimator=et, fold=StratifiedKFold(n_splits=10, random_state=None, shuffle=False), round=4, cross_validation=True, predict=True, fit_kwargs={}, groups=None, refit=False, verbose=False, system=False, metrics=None, add_to_model_list=True, display=<pycaret.internal.Display.Display object at 0x16c0c2b90>, kwargs={})
2022-03-01 10:58:28,235:INFO:Checking exceptions
2022-03-01 10:58:28,236:INFO:Importing libraries
2022-03-01 10:58:28,236:INFO:Copying training dataset
2022-03-01 10:58:28,241:INFO:Defining folds
2022-03-01 10:58:28,241:INFO:Declaring metric variables
2022-03-01 10:58:28,259:INFO:Importing untrained model
2022-03-01 10:58:28,275:INFO:Extra Trees Classifier Imported succesfully
2022-03-01 10:58:28,309:INFO:Starting cross validation
2022-03-01 10:58:28,310:INFO:Cross validating with StratifiedKFold(n_splits=10, random_state=None, shuffle=False), n_jobs=-1
2022-03-01 10:58:47,959:INFO:Calculating mean and std
2022-03-01 10:58:47,962:INFO:Creating metrics dataframe
2022-03-01 10:58:47,972:INFO:Uploading results into container
2022-03-01 10:58:47,973:INFO:Uploading model into container now
2022-03-01 10:58:47,973:INFO:create_model_container: 12
2022-03-01 10:58:47,973:INFO:master_model_container: 12
2022-03-01 10:58:47,973:INFO:display_container: 2
2022-03-01 10:58:47,974:INFO:ExtraTreesClassifier(bootstrap=False, ccp_alpha=0.0, class_weight=None,
                     criterion='gini', max_depth=None, max_features='auto',
                     max_leaf_nodes=None, max_samples=None,
                     min_impurity_decrease=0.0, min_impurity_split=None,
                     min_samples_leaf=1, min_samples_split=2,
                     min_weight_fraction_leaf=0.0, n_estimators=100, n_jobs=-1,
                     oob_score=False, random_state=3044, verbose=0,
                     warm_start=False)
2022-03-01 10:58:47,975:INFO:create_model() succesfully completed......................................
2022-03-01 10:58:48,238:INFO:SubProcess create_model() end ==================================
2022-03-01 10:58:48,238:INFO:Creating metrics dataframe
2022-03-01 10:58:48,272:INFO:Initializing Extreme Gradient Boosting
2022-03-01 10:58:48,273:INFO:Total runtime is 6.064551885922749 minutes
2022-03-01 10:58:48,290:INFO:SubProcess create_model() called ==================================
2022-03-01 10:58:48,291:INFO:Initializing create_model()
2022-03-01 10:58:48,292:INFO:create_model(estimator=xgboost, fold=StratifiedKFold(n_splits=10, random_state=None, shuffle=False), round=4, cross_validation=True, predict=True, fit_kwargs={}, groups=None, refit=False, verbose=False, system=False, metrics=None, add_to_model_list=True, display=<pycaret.internal.Display.Display object at 0x16c0c2b90>, kwargs={})
2022-03-01 10:58:48,292:INFO:Checking exceptions
2022-03-01 10:58:48,292:INFO:Importing libraries
2022-03-01 10:58:48,292:INFO:Copying training dataset
2022-03-01 10:58:48,300:INFO:Defining folds
2022-03-01 10:58:48,300:INFO:Declaring metric variables
2022-03-01 10:58:48,322:INFO:Importing untrained model
2022-03-01 10:58:48,350:INFO:Extreme Gradient Boosting Imported succesfully
2022-03-01 10:58:48,393:INFO:Starting cross validation
2022-03-01 10:58:48,396:INFO:Cross validating with StratifiedKFold(n_splits=10, random_state=None, shuffle=False), n_jobs=-1
2022-03-01 11:01:06,960:INFO:Calculating mean and std
2022-03-01 11:01:06,962:INFO:Creating metrics dataframe
2022-03-01 11:01:06,973:INFO:Uploading results into container
2022-03-01 11:01:06,973:INFO:Uploading model into container now
2022-03-01 11:01:06,973:INFO:create_model_container: 13
2022-03-01 11:01:06,973:INFO:master_model_container: 13
2022-03-01 11:01:06,973:INFO:display_container: 2
2022-03-01 11:01:06,975:INFO:XGBClassifier(base_score=None, booster='gbtree', colsample_bylevel=None,
              colsample_bynode=None, colsample_bytree=None,
              enable_categorical=False, gamma=None, gpu_id=None,
              importance_type=None, interaction_constraints=None,
              learning_rate=None, max_delta_step=None, max_depth=None,
              min_child_weight=None, missing=nan, monotone_constraints=None,
              n_estimators=100, n_jobs=-1, num_parallel_tree=None,
              objective='binary:logistic', predictor=None, random_state=3044,
              reg_alpha=None, reg_lambda=None, scale_pos_weight=None,
              subsample=None, tree_method='auto', use_label_encoder=True,
              validate_parameters=None, verbosity=0)
2022-03-01 11:01:06,975:INFO:create_model() succesfully completed......................................
2022-03-01 11:01:07,264:INFO:SubProcess create_model() end ==================================
2022-03-01 11:01:07,264:INFO:Creating metrics dataframe
2022-03-01 11:01:07,293:INFO:Initializing Light Gradient Boosting Machine
2022-03-01 11:01:07,293:INFO:Total runtime is 8.381557218233743 minutes
2022-03-01 11:01:07,309:INFO:SubProcess create_model() called ==================================
2022-03-01 11:01:07,313:INFO:Initializing create_model()
2022-03-01 11:01:07,313:INFO:create_model(estimator=lightgbm, fold=StratifiedKFold(n_splits=10, random_state=None, shuffle=False), round=4, cross_validation=True, predict=True, fit_kwargs={}, groups=None, refit=False, verbose=False, system=False, metrics=None, add_to_model_list=True, display=<pycaret.internal.Display.Display object at 0x16c0c2b90>, kwargs={})
2022-03-01 11:01:07,314:INFO:Checking exceptions
2022-03-01 11:01:07,314:INFO:Importing libraries
2022-03-01 11:01:07,314:INFO:Copying training dataset
2022-03-01 11:01:07,330:INFO:Defining folds
2022-03-01 11:01:07,330:INFO:Declaring metric variables
2022-03-01 11:01:07,348:INFO:Importing untrained model
2022-03-01 11:01:07,514:INFO:Light Gradient Boosting Machine Imported succesfully
2022-03-01 11:01:07,558:INFO:Starting cross validation
2022-03-01 11:01:07,565:INFO:Cross validating with StratifiedKFold(n_splits=10, random_state=None, shuffle=False), n_jobs=-1
2022-03-01 11:01:41,192:INFO:Calculating mean and std
2022-03-01 11:01:41,194:INFO:Creating metrics dataframe
2022-03-01 11:01:41,201:INFO:Uploading results into container
2022-03-01 11:01:41,201:INFO:Uploading model into container now
2022-03-01 11:01:41,201:INFO:create_model_container: 14
2022-03-01 11:01:41,201:INFO:master_model_container: 14
2022-03-01 11:01:41,202:INFO:display_container: 2
2022-03-01 11:01:41,203:INFO:LGBMClassifier(boosting_type='gbdt', class_weight=None, colsample_bytree=1.0,
               importance_type='split', learning_rate=0.1, max_depth=-1,
               min_child_samples=20, min_child_weight=0.001, min_split_gain=0.0,
               n_estimators=100, n_jobs=-1, num_leaves=31, objective=None,
               random_state=3044, reg_alpha=0.0, reg_lambda=0.0, silent=True,
               subsample=1.0, subsample_for_bin=200000, subsample_freq=0)
2022-03-01 11:01:41,203:INFO:create_model() succesfully completed......................................
2022-03-01 11:01:41,455:INFO:SubProcess create_model() end ==================================
2022-03-01 11:01:41,455:INFO:Creating metrics dataframe
2022-03-01 11:01:41,488:INFO:Initializing CatBoost Classifier
2022-03-01 11:01:41,488:INFO:Total runtime is 8.951483917236327 minutes
2022-03-01 11:01:41,505:INFO:SubProcess create_model() called ==================================
2022-03-01 11:01:41,506:INFO:Initializing create_model()
2022-03-01 11:01:41,506:INFO:create_model(estimator=catboost, fold=StratifiedKFold(n_splits=10, random_state=None, shuffle=False), round=4, cross_validation=True, predict=True, fit_kwargs={}, groups=None, refit=False, verbose=False, system=False, metrics=None, add_to_model_list=True, display=<pycaret.internal.Display.Display object at 0x16c0c2b90>, kwargs={})
2022-03-01 11:01:41,507:INFO:Checking exceptions
2022-03-01 11:01:41,507:INFO:Importing libraries
2022-03-01 11:01:41,507:INFO:Copying training dataset
2022-03-01 11:01:41,513:INFO:Defining folds
2022-03-01 11:01:41,513:INFO:Declaring metric variables
2022-03-01 11:01:41,532:INFO:Importing untrained model
2022-03-01 11:01:41,547:INFO:CatBoost Classifier Imported succesfully
2022-03-01 11:01:41,580:INFO:Starting cross validation
2022-03-01 11:01:41,633:INFO:Cross validating with StratifiedKFold(n_splits=10, random_state=None, shuffle=False), n_jobs=-1
2022-03-01 11:07:51,257:INFO:Calculating mean and std
2022-03-01 11:07:51,275:INFO:Creating metrics dataframe
2022-03-01 11:07:51,283:INFO:Uploading results into container
2022-03-01 11:07:51,283:INFO:Uploading model into container now
2022-03-01 11:07:51,284:INFO:create_model_container: 15
2022-03-01 11:07:51,284:INFO:master_model_container: 15
2022-03-01 11:07:51,284:INFO:display_container: 2
2022-03-01 11:07:51,284:INFO:<catboost.core.CatBoostClassifier object at 0x16bfd4710>
2022-03-01 11:07:51,284:INFO:create_model() succesfully completed......................................
2022-03-01 11:07:51,547:INFO:SubProcess create_model() end ==================================
2022-03-01 11:07:51,547:INFO:Creating metrics dataframe
2022-03-01 11:07:51,634:INFO:Initializing create_model()
2022-03-01 11:07:51,635:INFO:create_model(estimator=LogisticRegression(C=1.0, class_weight=None, dual=False, fit_intercept=True,
                   intercept_scaling=1, l1_ratio=None, max_iter=1000,
                   multi_class='auto', n_jobs=None, penalty='l2',
                   random_state=3044, solver='lbfgs', tol=0.0001, verbose=0,
                   warm_start=False), fold=StratifiedKFold(n_splits=10, random_state=None, shuffle=False), round=4, cross_validation=False, predict=False, fit_kwargs={}, groups=None, refit=True, verbose=False, system=False, metrics=None, add_to_model_list=True, display=None, kwargs={})
2022-03-01 11:07:51,635:INFO:Checking exceptions
2022-03-01 11:07:51,635:INFO:Importing libraries
2022-03-01 11:07:51,635:INFO:Copying training dataset
2022-03-01 11:07:51,641:INFO:Defining folds
2022-03-01 11:07:51,641:INFO:Declaring metric variables
2022-03-01 11:07:51,641:INFO:Importing untrained model
2022-03-01 11:07:51,641:INFO:Declaring custom model
2022-03-01 11:07:51,643:INFO:Logistic Regression Imported succesfully
2022-03-01 11:07:51,644:INFO:Cross validation set to False
2022-03-01 11:07:51,644:INFO:Fitting Model
2022-03-01 11:07:55,031:INFO:LogisticRegression(C=1.0, class_weight=None, dual=False, fit_intercept=True,
                   intercept_scaling=1, l1_ratio=None, max_iter=1000,
                   multi_class='auto', n_jobs=None, penalty='l2',
                   random_state=3044, solver='lbfgs', tol=0.0001, verbose=0,
                   warm_start=False)
2022-03-01 11:07:55,031:INFO:create_models() succesfully completed......................................
2022-03-01 11:07:55,407:INFO:create_model_container: 15
2022-03-01 11:07:55,407:INFO:master_model_container: 15
2022-03-01 11:07:55,407:INFO:display_container: 2
2022-03-01 11:07:55,408:INFO:LogisticRegression(C=1.0, class_weight=None, dual=False, fit_intercept=True,
                   intercept_scaling=1, l1_ratio=None, max_iter=1000,
                   multi_class='auto', n_jobs=None, penalty='l2',
                   random_state=3044, solver='lbfgs', tol=0.0001, verbose=0,
                   warm_start=False)
2022-03-01 11:07:55,408:INFO:compare_models() succesfully completed......................................
